0 info it worked if it ends with ok
1 verbose cli [ '/usr/bin/node', '/usr/bin/npm', '-g', 'install', 'xml2js' ]
2 info using npm@1.4.28
3 info using node@v0.10.37
4 verbose node symlink /usr/bin/node
5 verbose cache add [ 'xml2js', null ]
6 verbose cache add name=undefined spec="xml2js" args=["xml2js",null]
7 verbose parsed url { protocol: null,
7 verbose parsed url   slashes: null,
7 verbose parsed url   auth: null,
7 verbose parsed url   host: null,
7 verbose parsed url   port: null,
7 verbose parsed url   hostname: null,
7 verbose parsed url   hash: null,
7 verbose parsed url   search: null,
7 verbose parsed url   query: null,
7 verbose parsed url   pathname: 'xml2js',
7 verbose parsed url   path: 'xml2js',
7 verbose parsed url   href: 'xml2js' }
8 silly lockFile ad82ed2d-xml2js xml2js
9 verbose lock xml2js /home/vagrant/.npm/ad82ed2d-xml2js.lock
10 silly lockFile ad82ed2d-xml2js xml2js
11 silly lockFile ad82ed2d-xml2js xml2js
12 verbose addNamed [ 'xml2js', '' ]
13 verbose addNamed [ null, '*' ]
14 silly lockFile f8b9c896-xml2js xml2js@
15 verbose lock xml2js@ /home/vagrant/.npm/f8b9c896-xml2js.lock
16 silly addNameRange { name: 'xml2js', range: '*', hasData: false }
17 verbose request where is /xml2js
18 verbose request registry https://registry.npmjs.org/
19 verbose request id 21b01f9984c52dbf
20 verbose url raw /xml2js
21 verbose url resolving [ 'https://registry.npmjs.org/', './xml2js' ]
22 verbose url resolved https://registry.npmjs.org/xml2js
23 verbose request where is https://registry.npmjs.org/xml2js
24 info trying registry request attempt 1 at 17:37:51
25 verbose etag "7FEIV8JQ92C9HC14JSVXWKKCX"
26 http GET https://registry.npmjs.org/xml2js
27 http 304 https://registry.npmjs.org/xml2js
28 silly registry.get cb [ 304,
28 silly registry.get   { date: 'Sat, 03 Oct 2015 17:37:52 GMT',
28 silly registry.get     via: '1.1 varnish',
28 silly registry.get     'cache-control': 'max-age=60',
28 silly registry.get     etag: '"7FEIV8JQ92C9HC14JSVXWKKCX"',
28 silly registry.get     age: '0',
28 silly registry.get     connection: 'keep-alive',
28 silly registry.get     'x-served-by': 'cache-lhr6322-LHR',
28 silly registry.get     'x-cache': 'HIT',
28 silly registry.get     'x-cache-hits': '1',
28 silly registry.get     'x-timer': 'S1443893872.005017,VS0,VE93',
28 silly registry.get     vary: 'Accept' } ]
29 verbose etag https://registry.npmjs.org/xml2js from cache
30 silly addNameRange number 2 { name: 'xml2js', range: '*', hasData: true }
31 silly addNameRange versions [ 'xml2js',
31 silly addNameRange   [ '0.1.0',
31 silly addNameRange     '0.1.1',
31 silly addNameRange     '0.1.2',
31 silly addNameRange     '0.1.3',
31 silly addNameRange     '0.1.4',
31 silly addNameRange     '0.1.5',
31 silly addNameRange     '0.1.6',
31 silly addNameRange     '0.1.7',
31 silly addNameRange     '0.1.8',
31 silly addNameRange     '0.1.9',
31 silly addNameRange     '0.1.10',
31 silly addNameRange     '0.1.11',
31 silly addNameRange     '0.1.12',
31 silly addNameRange     '0.1.13',
31 silly addNameRange     '0.1.14',
31 silly addNameRange     '0.2.0',
31 silly addNameRange     '0.2.1',
31 silly addNameRange     '0.2.2',
31 silly addNameRange     '0.2.3',
31 silly addNameRange     '0.2.4',
31 silly addNameRange     '0.2.5',
31 silly addNameRange     '0.2.6',
31 silly addNameRange     '0.2.7',
31 silly addNameRange     '0.2.8',
31 silly addNameRange     '0.4.0',
31 silly addNameRange     '0.4.1',
31 silly addNameRange     '0.4.2',
31 silly addNameRange     '0.4.3',
31 silly addNameRange     '0.4.4',
31 silly addNameRange     '0.4.5',
31 silly addNameRange     '0.4.6',
31 silly addNameRange     '0.4.7',
31 silly addNameRange     '0.4.8',
31 silly addNameRange     '0.4.9',
31 silly addNameRange     '0.4.10',
31 silly addNameRange     '0.4.11',
31 silly addNameRange     '0.4.12' ] ]
32 verbose addNamed [ 'xml2js', '0.4.12' ]
33 verbose addNamed [ '0.4.12', '0.4.12' ]
34 silly lockFile c6ce5363-xml2js-0-4-12 xml2js@0.4.12
35 verbose lock xml2js@0.4.12 /home/vagrant/.npm/c6ce5363-xml2js-0-4-12.lock
36 silly lockFile c6ce5363-xml2js-0-4-12 xml2js@0.4.12
37 silly lockFile c6ce5363-xml2js-0-4-12 xml2js@0.4.12
38 silly lockFile f8b9c896-xml2js xml2js@
39 silly lockFile f8b9c896-xml2js xml2js@
40 silly resolved [ { name: 'xml2js',
40 silly resolved     description: 'Simple XML to JavaScript object converter.',
40 silly resolved     keywords: [ 'xml', 'json' ],
40 silly resolved     homepage: 'https://github.com/Leonidas-from-XIV/node-xml2js',
40 silly resolved     version: '0.4.12',
40 silly resolved     author:
40 silly resolved      { name: 'Marek Kubica',
40 silly resolved        email: 'marek@xivilization.net',
40 silly resolved        url: 'http://xivilization.net' },
40 silly resolved     contributors:
40 silly resolved      [ [Object],
40 silly resolved        [Object],
40 silly resolved        [Object],
40 silly resolved        [Object],
40 silly resolved        [Object],
40 silly resolved        [Object],
40 silly resolved        [Object],
40 silly resolved        [Object],
40 silly resolved        [Object],
40 silly resolved        [Object],
40 silly resolved        [Object],
40 silly resolved        [Object],
40 silly resolved        [Object],
40 silly resolved        [Object],
40 silly resolved        [Object],
40 silly resolved        [Object],
40 silly resolved        [Object],
40 silly resolved        [Object],
40 silly resolved        [Object],
40 silly resolved        [Object],
40 silly resolved        [Object],
40 silly resolved        [Object],
40 silly resolved        [Object],
40 silly resolved        [Object],
40 silly resolved        [Object],
40 silly resolved        [Object],
40 silly resolved        [Object],
40 silly resolved        [Object],
40 silly resolved        [Object],
40 silly resolved        [Object],
40 silly resolved        [Object],
40 silly resolved        [Object],
40 silly resolved        [Object],
40 silly resolved        [Object],
40 silly resolved        [Object],
40 silly resolved        [Object],
40 silly resolved        [Object],
40 silly resolved        [Object],
40 silly resolved        [Object] ],
40 silly resolved     main: './lib/xml2js',
40 silly resolved     directories: { lib: './lib' },
40 silly resolved     scripts:
40 silly resolved      { test: 'zap',
40 silly resolved        coverage: 'nyc npm test && nyc report',
40 silly resolved        coveralls: 'nyc npm test && nyc report --reporter=text-lcov | coveralls' },
40 silly resolved     repository:
40 silly resolved      { type: 'git',
40 silly resolved        url: 'git+https://github.com/Leonidas-from-XIV/node-xml2js.git' },
40 silly resolved     dependencies: { sax: '>=0.6.0', xmlbuilder: '>=2.4.6' },
40 silly resolved     devDependencies:
40 silly resolved      { 'coffee-script': '>=1.9.0',
40 silly resolved        coveralls: '^2.11.2',
40 silly resolved        diff: '>=1.0.8',
40 silly resolved        docco: '>=0.6.2',
40 silly resolved        nyc: '^2.2.1',
40 silly resolved        zap: '>=0.2.9' },
40 silly resolved     license: 'MIT',
40 silly resolved     gitHead: 'a2ac754689995ebc61dd78b323929e299a4a6201',
40 silly resolved     bugs: { url: 'https://github.com/Leonidas-from-XIV/node-xml2js/issues' },
40 silly resolved     _id: 'xml2js@0.4.12',
40 silly resolved     _shasum: '335ca6ed2f09bf60acdf1894aa012bd2aa302fa2',
40 silly resolved     _from: 'xml2js@',
40 silly resolved     _npmVersion: '2.13.3',
40 silly resolved     _nodeVersion: '3.3.0',
40 silly resolved     _npmUser: { name: 'leonidas', email: 'marek@xivilization.net' },
40 silly resolved     maintainers: [ [Object] ],
40 silly resolved     dist:
40 silly resolved      { shasum: '335ca6ed2f09bf60acdf1894aa012bd2aa302fa2',
40 silly resolved        tarball: 'http://registry.npmjs.org/xml2js/-/xml2js-0.4.12.tgz' },
40 silly resolved     _resolved: 'https://registry.npmjs.org/xml2js/-/xml2js-0.4.12.tgz',
40 silly resolved     readme: 'ERROR: No README data found!' } ]
41 info install xml2js@0.4.12 into /usr/lib
42 info installOne xml2js@0.4.12
43 verbose lib/node_modules/xml2js unbuild
44 verbose tar unpack /home/vagrant/.npm/xml2js/0.4.12/package.tgz
45 silly lockFile c9de39b1-tar-usr-lib-node-modules-xml2js tar:///usr/lib/node_modules/xml2js
46 verbose lock tar:///usr/lib/node_modules/xml2js /home/vagrant/.npm/c9de39b1-tar-usr-lib-node-modules-xml2js.lock
47 silly lockFile 87194b41-nt-npm-xml2js-0-4-12-package-tgz tar:///home/vagrant/.npm/xml2js/0.4.12/package.tgz
48 verbose lock tar:///home/vagrant/.npm/xml2js/0.4.12/package.tgz /home/vagrant/.npm/87194b41-nt-npm-xml2js-0-4-12-package-tgz.lock
49 silly gunzTarPerm modes [ '775', '664' ]
50 error Error: EACCES, mkdir '/usr/lib/node_modules/xml2js'
50 error  { [Error: EACCES, mkdir '/usr/lib/node_modules/xml2js']
50 error   errno: 3,
50 error   code: 'EACCES',
50 error   path: '/usr/lib/node_modules/xml2js',
50 error   fstream_type: 'Directory',
50 error   fstream_path: '/usr/lib/node_modules/xml2js',
50 error   fstream_class: 'DirWriter',
50 error   fstream_stack:
50 error    [ '/usr/lib/node_modules/npm/node_modules/fstream/lib/dir-writer.js:36:23',
50 error      '/usr/lib/node_modules/npm/node_modules/mkdirp/index.js:46:53',
50 error      'Object.oncomplete (fs.js:108:15)' ] }
51 error Please try running this command again as root/Administrator.
52 error System Linux 3.2.0-90-generic
53 error command "/usr/bin/node" "/usr/bin/npm" "-g" "install" "xml2js"
54 error cwd /var/webprojects/boe/workers
55 error node -v v0.10.37
56 error npm -v 1.4.28
57 error path /usr/lib/node_modules/xml2js
58 error fstream_path /usr/lib/node_modules/xml2js
59 error fstream_type Directory
60 error fstream_class DirWriter
61 error code EACCES
62 error errno 3
63 error stack Error: EACCES, mkdir '/usr/lib/node_modules/xml2js'
64 error fstream_stack /usr/lib/node_modules/npm/node_modules/fstream/lib/dir-writer.js:36:23
64 error fstream_stack /usr/lib/node_modules/npm/node_modules/mkdirp/index.js:46:53
64 error fstream_stack Object.oncomplete (fs.js:108:15)
65 verbose exit [ 3, true ]
